25/11/2020 09:22:42	This log contains information about the import schema operation into project 'DB' on computer 'DESKTOP-2VU3CCN' by user 'CrgsS'.
25/11/2020 09:22:42	Import of database schema has started.
25/11/2020 09:22:50	Gathering database credentials
25/11/2020 09:22:50	Gathering database options
25/11/2020 09:22:50	Gathering users
25/11/2020 09:22:50	Gathering roles
25/11/2020 09:22:50	Gathering application roles
25/11/2020 09:22:50	Gathering role memberships
25/11/2020 09:22:50	Gathering filegroups
25/11/2020 09:22:50	Gathering full-text catalogs
25/11/2020 09:22:50	Gathering assemblies
25/11/2020 09:22:50	Gathering certificates
25/11/2020 09:22:50	Gathering asymmetric keys
25/11/2020 09:22:50	Gathering symmetric keys
25/11/2020 09:22:50	Gathering encrypted symmetric keys
25/11/2020 09:22:50	Gathering schemas
25/11/2020 09:22:50	Gathering XML schema collections
25/11/2020 09:22:50	Gathering user-defined data types
25/11/2020 09:22:50	Gathering user-defined types
25/11/2020 09:22:50	Gathering table types
25/11/2020 09:22:50	Gathering unique keys for table types
25/11/2020 09:22:50	Gathering primary keys for table types
25/11/2020 09:22:50	Gathering indexes for table types
25/11/2020 09:22:50	Gathering check constraints for table types
25/11/2020 09:22:50	Gathering default constraints for table types
25/11/2020 09:22:50	Gathering partition functions
25/11/2020 09:22:50	Gathering partition schemes
25/11/2020 09:22:52	Gathering functions
25/11/2020 09:22:52	Gathering encrypted functions
25/11/2020 09:22:52	Gathering aggregates
25/11/2020 09:22:52	Gathering procedures
25/11/2020 09:22:52	Gathering encrypted procedures
25/11/2020 09:22:52	Gathering tables
25/11/2020 09:22:52	Gathering primary keys
25/11/2020 09:22:52	Gathering unique constraints
25/11/2020 09:22:52	Gathering foreign keys
25/11/2020 09:22:52	Gathering default constraints
25/11/2020 09:22:52	Gathering check constraints
25/11/2020 09:22:52	Gathering views
25/11/2020 09:22:52	Gathering encrypted views
25/11/2020 09:22:52	Gathering indexes
25/11/2020 09:22:52	Gathering statistics
25/11/2020 09:22:52	Gathering full-text index stoplists
25/11/2020 09:22:52	Gathering search property lists
25/11/2020 09:22:52	Gathering search properties
25/11/2020 09:22:52	Gathering full-text indexes
25/11/2020 09:22:52	Gathering column store indexes
25/11/2020 09:22:52	Gathering spatial indexes
25/11/2020 09:22:52	Gathering XML indexes
25/11/2020 09:22:52	Gathering Selective XML indexes
25/11/2020 09:22:52	Gathering encrypted triggers
25/11/2020 09:22:52	Gathering triggers
25/11/2020 09:22:52	Gathering encrypted and clr ddl triggers
25/11/2020 09:22:52	Gathering ddl triggers
25/11/2020 09:22:52	Gathering synonyms
25/11/2020 09:22:52	Gathering defaults
25/11/2020 09:22:52	Gathering data constraint uddt bindings
25/11/2020 09:22:52	Gathering rules
25/11/2020 09:22:52	Gathering data constraint uddt bindings
25/11/2020 09:22:52	Gathering message types
25/11/2020 09:22:52	Gathering queues
25/11/2020 09:22:52	Gathering contracts
25/11/2020 09:22:52	Gathering services
25/11/2020 09:22:52	Gathering event notifications
25/11/2020 09:22:52	Gathering remote service bindings
25/11/2020 09:22:52	Gathering broker priorities
25/11/2020 09:22:52	Gathering signatures
25/11/2020 09:22:52	Gathering data compression options
25/11/2020 09:22:52	Gathering sequence types
25/11/2020 09:22:52	Gathering security policies
25/11/2020 09:22:52	Gather column encryption keys
25/11/2020 09:22:52	Gathering column master keys
25/11/2020 09:22:52	Gathering external data sources
25/11/2020 09:22:52	Gathering external file formats
25/11/2020 09:22:52	Gathering external tables
25/11/2020 09:22:52	Gathering extended properties
25/11/2020 09:22:53	Gathering credentials
25/11/2020 09:22:53	Gathering logins
25/11/2020 09:22:53	Gathering server audits
25/11/2020 09:22:54	Scanning project for duplicate elements
25/11/2020 09:22:54	Finished duplicate element processing
25/11/2020 09:22:54	Finished importing database.
25/11/2020 09:22:54	A summary of the import was saved to the following location: C:\Users\CrgsS\source\repos\TesteAhoy\MicroServiceAhoy\DB\Import Schema Logs\DB_20201125122242.log
25/11/2020 09:22:54	Click Finish to continue...
